2021-06-05 15:27:40.878 [main] INFO  com.allen.MyApiApplication - Starting MyApiApplication on chenshengdeMacBook-Pro.local with PID 76413 (/Users/chensheng/IdeaProjects/SpringRest/myApi/target/classes started by chensheng in /Users/chensheng/IdeaProjects/SpringRest)
2021-06-05 15:27:40.880 [main] INFO  com.allen.MyApiApplication - No active profile set, falling back to default profiles: default
2021-06-05 15:27:40.911 [main] INFO  o.s.b.w.s.c.AnnotationConfigServletWebServerApplicationContext - Refreshing org.springframework.boot.web.servlet.context.AnnotationConfigServletWebServerApplicationContext@128d2484: startup date [Sat Jun 05 15:27:40 CST 2021]; root of context hierarchy
2021-06-05 15:27:41.567 [main] INFO  o.s.boot.web.embedded.tomcat.TomcatWebServer - Tomcat initialized with port(s): 8085 (http)
2021-06-05 15:27:41.575 [main] INFO  org.apache.coyote.http11.Http11NioProtocol - Initializing ProtocolHandler ["http-nio-8085"]
2021-06-05 15:27:41.581 [main] INFO  org.apache.catalina.core.StandardService - Starting service [Tomcat]
2021-06-05 15:27:41.581 [main] INFO  org.apache.catalina.core.StandardEngine - Starting Servlet Engine: Apache Tomcat/8.5.32
2021-06-05 15:27:41.584 [localhost-startStop-1] INFO  org.apache.catalina.core.AprLifecycleListener - The APR based Apache Tomcat Native library which allows optimal performance in production environments was not found on the java.library.path: [/Users/chensheng/Library/Java/Extensions:/Library/Java/Extensions:/Network/Library/Java/Extensions:/System/Library/Java/Extensions:/usr/lib/java:.]
2021-06-05 15:27:41.631 [localhost-startStop-1] INFO  o.a.c.core.ContainerBase.[Tomcat].[localhost].[/] - Initializing Spring embedded WebApplicationContext
2021-06-05 15:27:41.631 [localhost-startStop-1] INFO  org.springframework.web.context.ContextLoader - Root WebApplicationContext: initialization completed in 720 ms
2021-06-05 15:27:41.677 [localhost-startStop-1] INFO  o.s.boot.web.servlet.ServletRegistrationBean - Servlet dispatcherServlet mapped to [/]
2021-06-05 15:27:41.678 [localhost-startStop-1] INFO  o.s.boot.web.servlet.ServletRegistrationBean - Servlet headerFilter mapped to [/]
2021-06-05 15:27:41.680 [localhost-startStop-1] INFO  o.s.boot.web.servlet.FilterRegistrationBean - Mapping filter: 'characterEncodingFilter' to: [/*]
2021-06-05 15:27:41.680 [localhost-startStop-1] INFO  o.s.boot.web.servlet.FilterRegistrationBean - Mapping filter: 'hiddenHttpMethodFilter' to: [/*]
2021-06-05 15:27:41.680 [localhost-startStop-1] INFO  o.s.boot.web.servlet.FilterRegistrationBean - Mapping filter: 'httpPutFormContentFilter' to: [/*]
2021-06-05 15:27:41.680 [localhost-startStop-1] INFO  o.s.boot.web.servlet.FilterRegistrationBean - Mapping filter: 'requestContextFilter' to: [/*]
2021-06-05 15:27:41.681 [localhost-startStop-1] INFO  o.s.boot.web.servlet.FilterRegistrationBean - Mapping filter: 'tokenAuthorFilter' to urls: [/myApi/demo]
2021-06-05 15:27:41.739 [main] INFO  o.s.web.servlet.handler.SimpleUrlHandlerMapping - Mapped URL path [/**/favicon.ico] onto handler of type [class org.springframework.web.servlet.resource.ResourceHttpRequestHandler]
2021-06-05 15:27:41.843 [main] INFO  o.s.w.s.m.m.a.RequestMappingHandlerAdapter - Looking for @ControllerAdvice: org.springframework.boot.web.servlet.context.AnnotationConfigServletWebServerApplicationContext@128d2484: startup date [Sat Jun 05 15:27:40 CST 2021]; root of context hierarchy
2021-06-05 15:27:41.872 [main] INFO  o.s.w.s.m.m.a.RequestMappingHandlerMapping - Mapped "{[/myApi/token],methods=[GET]}" onto public java.lang.String com.allen.controller.UserController.GetToken()
2021-06-05 15:27:41.873 [main] INFO  o.s.w.s.m.m.a.RequestMappingHandlerMapping - Mapped "{[/myApi/demo],methods=[POST]}" onto public com.allen.commons.PersonProperties com.allen.controller.UserController.Api()
2021-06-05 15:27:41.874 [main] INFO  o.s.w.s.m.m.a.RequestMappingHandlerMapping - Mapped "{[/myApi/personInfo],methods=[POST]}" onto public com.alibaba.fastjson.JSONObject com.allen.controller.UserController.GetPersonInfo(javax.servlet.http.HttpServletRequest)
2021-06-05 15:27:41.877 [main] INFO  o.s.w.s.m.m.a.RequestMappingHandlerMapping - Mapped "{[/error],produces=[text/html]}" onto public org.springframework.web.servlet.ModelAndView org.springframework.boot.autoconfigure.web.servlet.error.BasicErrorController.errorHtml(javax.servlet.http.HttpServletRequest,javax.servlet.http.HttpServletResponse)
2021-06-05 15:27:41.877 [main] INFO  o.s.w.s.m.m.a.RequestMappingHandlerMapping - Mapped "{[/error]}" onto public org.springframework.http.ResponseEntity<java.util.Map<java.lang.String, java.lang.Object>> org.springframework.boot.autoconfigure.web.servlet.error.BasicErrorController.error(javax.servlet.http.HttpServletRequest)
2021-06-05 15:27:41.890 [main] INFO  o.s.web.servlet.handler.SimpleUrlHandlerMapping - Mapped URL path [/webjars/**] onto handler of type [class org.springframework.web.servlet.resource.ResourceHttpRequestHandler]
2021-06-05 15:27:41.890 [main] INFO  o.s.web.servlet.handler.SimpleUrlHandlerMapping - Mapped URL path [/**] onto handler of type [class org.springframework.web.servlet.resource.ResourceHttpRequestHandler]
2021-06-05 15:27:41.967 [main] INFO  o.s.jmx.export.annotation.AnnotationMBeanExporter - Registering beans for JMX exposure on startup
2021-06-05 15:27:41.976 [main] INFO  org.apache.coyote.http11.Http11NioProtocol - Starting ProtocolHandler ["http-nio-8085"]
2021-06-05 15:27:41.993 [main] INFO  org.apache.tomcat.util.net.NioSelectorPool - Using a shared selector for servlet write/read
2021-06-05 15:27:42.000 [main] INFO  o.s.boot.web.embedded.tomcat.TomcatWebServer - Tomcat started on port(s): 8085 (http) with context path ''
2021-06-05 15:27:42.003 [main] INFO  com.allen.MyApiApplication - Started MyApiApplication in 1.496 seconds (JVM running for 2.257)
2021-06-05 15:27:46.667 [Thread-5] INFO  o.s.b.w.s.c.AnnotationConfigServletWebServerApplicationContext - Closing org.springframework.boot.web.servlet.context.AnnotationConfigServletWebServerApplicationContext@128d2484: startup date [Sat Jun 05 15:27:40 CST 2021]; root of context hierarchy
2021-06-05 15:27:46.668 [Thread-5] INFO  o.s.jmx.export.annotation.AnnotationMBeanExporter - Unregistering JMX-exposed beans on shutdown
